========================================
SNTL 통합 물류 플랫폼 작업 로그
========================================

[작업일: 2026-04-18]

----------------------------------------
[1] 기초정보관리·시스템관리 누락 기능 보완
----------------------------------------
- 작업 내용: SNTL통합플랫폼_기능정리.xlsx 원본 대비 SNTL_FeatureList.md 누락 항목 식별 및 보완
- 누락 식별 내용:
  * 기초정보관리 섹션 전체 누락 (별도 대분류로 존재해야 함)
    - 환율관리 (서울외국환중개소 API 연계) 완전 누락
    - 항공운송수단 관리 + 운송원가(부피/중량기준) CRUD 누락
    - 해운운송수단 관리 + 운송원가(부피/중량기준) CRUD 누락
    - 통관사 관리 + 통관원가 CRUD 누락 (통관사명만 일부 언급됨)
    - 택배배송장 관리 (배송장 양식 BLOB CRUD) 누락
    - 개인회원 등급별 운임요율 관리 CRUD 누락
    - 법인회원별 운임요율 관리 CRUD 누락
  * 선불금 관리 부분 누락
    - 충전 확인 (관리자 역할) 누락
    - 법인회원 선불금 관리 명시 누락
    - 관리자용 전체 선불금 조회 누락
  * 시스템관리 → 대부분 기존 반영 확인 (9.1~9.7 → 10.1~10.6으로 재번호)
- 수정 내용:
  * SNTL_FeatureList.md
    - 섹션 9 신규 추가: 기초정보관리 (9.1~9.6)
      * 9.1 운임요율 관리 (개인등급별/법인별)
      * 9.2 국가 및 환율 관리 (국가CRUD + 환율조회/연계)
      * 9.3 항공운송수단 관리 (CRUD + 운송원가 CRUD)
      * 9.4 해운운송수단 관리 (CRUD + 운송원가 CRUD)
      * 9.5 통관사 관리 (CRUD + 통관원가 CRUD)
      * 9.6 택배사 관리 (CRUD + 운송원가 + 배송장 CRUD)
    - 기존 9. 시스템관리 → 10. 시스템관리 (재번호)
    - 기존 10. 고객지원 → 11. 고객지원 (재번호)
    - 2.1.4 선불금 관리 개인회원 보완 (충전확인 추가)
    - 2.2.6 법인 선불금 관리 신규 추가
    - 총 기능 수: 144 → 186개
  * SNTL_APIList.md
    - 도메인 요약 테이블 업데이트 (137 → 182개)
    - 신규 API 섹션 추가:
      * 운임요율 (API-FR01~FR08, 8개)
      * 환율 (API-EX01~EX02, 2개)
      * 항공운송수단 (API-AT01~AT07, 7개)
      * 해운운송수단 (API-ST01~ST07, 7개)
      * 통관사 (API-CB01~CB07, 7개)
      * 택배배송장 (API-CW01~CW04, 4개)
      * 선불금 (API-PP01~PP05, 5개)
  * SNTL_APISpec.md
    - 14장 신규 추가: 기초정보관리 API 상세 스펙
      * 운임요율 등록/조회, 환율 조회/연계, 항공/해운 운송수단/원가 등록
      * 통관사/통관원가 등록, 택배배송장 등록, 선불금 충전요청/충전확인/환불요청
  * gen_apiexcel.py 데이터 추가 및 Excel 재생성
    - SNTL_APIList.xlsx (183개 API 반영)
    - SNTL_APISpec.xlsx (도메인별 시트 갱신)
- 수정/생성 파일:
  * SNTL_FeatureList.md (기초정보관리 섹션 추가, 섹션 재번호)
  * SNTL_APIList.md (누락 API 추가)
  * SNTL_APISpec.md (신규 API 상세 스펙)
  * gen_apiexcel.py (데이터 추가)
  * SNTL_APIList.xlsx (재생성)
  * SNTL_APISpec.xlsx (재생성)
  * work_log_20260418.log (신규)

========================================
